\BOOKMARK [1][-]{section.1}{\376\377\000O\000b\000j\000e\000t\000i\000v\000o\000\040\000d\000e\000\040\000l\000a\000\040\000p\000r\000\341\000c\000t\000i\000c\000a}{}% 1
\BOOKMARK [1][-]{section.2}{\376\377\000M\000e\000t\000o\000d\000o\000l\000o\000g\000\355\000a}{}% 2
\BOOKMARK [1][-]{section.3}{\376\377\000R\000e\000s\000u\000l\000t\000a\000d\000o\000s\000\040\000p\000a\000r\000a\000\040\000d\000o\000s\000\040\000c\000l\000a\000s\000e\000s}{}% 3
\BOOKMARK [2][-]{subsection.3.1}{\376\377\000V\000e\000c\000t\000o\000r\000e\000s\000\040\000d\000e\000\040\000m\000e\000d\000i\000a\000s}{section.3}% 4
\BOOKMARK [2][-]{subsection.3.2}{\376\377\000M\000a\000t\000r\000i\000z\000\040\000d\000e\000\040\000d\000i\000s\000p\000e\000r\000s\000i\000\363\000n\000\040\000d\000e\000n\000t\000r\000o\000\040\000d\000e\000\040\000c\000l\000a\000s\000e\000s}{section.3}% 5
\BOOKMARK [2][-]{subsection.3.3}{\376\377\000M\000a\000t\000r\000i\000z\000\040\000d\000e\000\040\000d\000i\000s\000p\000e\000r\000s\000i\000\363\000n\000\040\000e\000n\000t\000r\000e\000\040\000c\000l\000a\000s\000e\000s}{section.3}% 6
\BOOKMARK [2][-]{subsection.3.4}{\376\377\000V\000a\000l\000o\000r\000e\000s\000\040\000y\000\040\000v\000e\000c\000t\000o\000r\000e\000s\000\040\000p\000r\000o\000p\000i\000o\000s}{section.3}% 7
\BOOKMARK [2][-]{subsection.3.5}{\376\377\000P\000r\000o\000y\000e\000c\000c\000i\000\363\000n\000\040\000d\000e\000\040\000l\000a\000s\000\040\000n\000u\000e\000v\000a\000s\000\040\000c\000o\000m\000p\000o\000n\000e\000n\000t\000e\000s}{section.3}% 8
\BOOKMARK [2][-]{subsection.3.6}{\376\377\000P\000r\000o\000y\000e\000c\000c\000i\000\363\000n\000\040\000e\000n\000\040\0001\000D}{section.3}% 9
\BOOKMARK [1][-]{section.4}{\376\377\000R\000e\000s\000u\000l\000t\000a\000d\000o\000s\000\040\000p\000a\000r\000a\000\040\000t\000r\000e\000s\000\040\000c\000l\000a\000s\000e\000s}{}% 10
\BOOKMARK [2][-]{subsection.4.1}{\376\377\000V\000e\000c\000t\000o\000r\000e\000s\000\040\000d\000e\000\040\000m\000e\000d\000i\000a\000s}{section.4}% 11
\BOOKMARK [2][-]{subsection.4.2}{\376\377\000M\000a\000t\000r\000i\000z\000\040\000d\000e\000\040\000d\000i\000s\000p\000e\000r\000s\000i\000\363\000n\000\040\000d\000e\000n\000t\000r\000o\000\040\000d\000e\000\040\000c\000l\000a\000s\000e\000s}{section.4}% 12
\BOOKMARK [2][-]{subsection.4.3}{\376\377\000M\000a\000t\000r\000i\000z\000\040\000d\000e\000\040\000d\000i\000s\000p\000e\000r\000s\000i\000\363\000n\000\040\000e\000n\000t\000r\000e\000\040\000c\000l\000a\000s\000e\000s}{section.4}% 13
\BOOKMARK [2][-]{subsection.4.4}{\376\377\000V\000a\000l\000o\000r\000e\000s\000\040\000y\000\040\000v\000e\000c\000t\000o\000r\000e\000s\000\040\000p\000r\000o\000p\000i\000o\000s}{section.4}% 14
\BOOKMARK [2][-]{subsection.4.5}{\376\377\000P\000r\000o\000y\000e\000c\000c\000i\000\363\000n\000\040\000d\000e\000\040\000l\000a\000s\000\040\000n\000u\000e\000v\000a\000s\000\040\000c\000o\000m\000p\000o\000n\000e\000n\000t\000e\000s}{section.4}% 15
\BOOKMARK [2][-]{subsection.4.6}{\376\377\000P\000r\000o\000y\000e\000c\000c\000i\000\363\000n\000\040\000e\000n\000\040\0002\000D}{section.4}% 16
\BOOKMARK [1][-]{section.5}{\376\377\000C\000o\000n\000c\000l\000u\000s\000i\000o\000n\000e\000s}{}% 17
\BOOKMARK [1][-]{section.6}{\376\377\000R\000e\000f\000e\000r\000e\000n\000c\000i\000a\000s}{}% 18
\BOOKMARK [1][-]{section.7}{\376\377\000A\000n\000e\000x\000o\000s}{}% 19
\BOOKMARK [2][-]{subsection.7.1}{\376\377\000I\000m\000p\000l\000e\000m\000e\000n\000t\000a\000c\000i\000\363\000n\000\040\000d\000e\000\040\000l\000a\000\040\000e\000x\000p\000l\000o\000r\000a\000c\000i\000\363\000n\000\040\000y\000\040\000e\000l\000\040\000L\000D\000A\000\040\000e\000n\000\040\000M\000A\000T\000L\000A\000B}{section.7}% 20
